<?xml version="1.0" encoding="UTF-8"?>
<testng-results skipped="0" failed="0" total="5" passed="5">
  <reporter-output>
  </reporter-output>
  <suite name="Default suite" duration-ms="98862" started-at="2016-08-04T22:11:26Z" finished-at="2016-08-04T22:13:05Z">
    <groups>
    </groups>
    <test name="Default test" duration-ms="98862" started-at="2016-08-04T22:11:26Z" finished-at="2016-08-04T22:13:05Z">
      <class name="com.test.ThermometerTest">
        <test-method status="PASS" signature="setUp()[pri:0, instance:com.test.ThermometerTest@39aeed2f]" name="setUp" is-config="true" duration-ms="42928" started-at="2016-08-04T18:11:26Z" finished-at="2016-08-04T18:12:09Z">
          <reporter-output>
          </reporter-output>
        </test-method> <!-- setUp -->
        <test-method status="PASS" signature="clickOnThermometer()[pri:0, instance:com.test.ThermometerTest@39aeed2f]" name="clickOnThermometer" duration-ms="49455" started-at="2016-08-04T18:12:09Z" finished-at="2016-08-04T18:12:58Z">
          <reporter-output>
          </reporter-output>
        </test-method> <!-- clickOnThermometer -->
        <test-method status="PASS" signature="count()[pri:0, instance:com.test.ThermometerTest@39aeed2f]" name="count" duration-ms="4903" started-at="2016-08-04T18:12:58Z" finished-at="2016-08-04T18:13:03Z">
          <reporter-output>
          </reporter-output>
        </test-method> <!-- count -->
        <test-method status="PASS" signature="firstImagePrice()[pri:0, instance:com.test.ThermometerTest@39aeed2f]" name="firstImagePrice" duration-ms="412" started-at="2016-08-04T18:13:03Z" finished-at="2016-08-04T18:13:03Z">
          <reporter-output>
          </reporter-output>
        </test-method> <!-- firstImagePrice -->
        <test-method status="PASS" signature="firstImageRating()[pri:0, instance:com.test.ThermometerTest@39aeed2f]" name="firstImageRating" duration-ms="337" started-at="2016-08-04T18:13:03Z" finished-at="2016-08-04T18:13:04Z">
          <reporter-output>
          </reporter-output>
        </test-method> <!-- firstImageRating -->
        <test-method status="PASS" signature="outofStockTest()[pri:0, instance:com.test.ThermometerTest@39aeed2f]" name="outofStockTest" duration-ms="727" started-at="2016-08-04T18:13:04Z" finished-at="2016-08-04T18:13:04Z">
          <reporter-output>
          </reporter-output>
        </test-method> <!-- outofStockTest -->
      </class> <!-- com.test.ThermometerTest -->
    </test> <!-- Default test -->
  </suite> <!-- Default suite -->
</testng-results>
